<?xml version="1.0" encoding="UTF-8"?>
<coverage generated="1712848060106" clover="3.2.0">
  <project timestamp="1712848060106" name="All files">
    <metrics statements="33" coveredstatements="23" conditionals="37" coveredconditionals="25" methods="1" coveredmethods="1" elements="71" coveredelements="49" complexity="0" loc="33" ncloc="33" packages="1" files="1" classes="1"/>
    <file name="bloodPressure.js" path="D:\Assiginment\CIS-470-TermTest\Code-2\bloodPressure.js">
      <metrics statements="33" coveredstatements="23" conditionals="37" coveredconditionals="25" methods="1" coveredmethods="1"/>
      <line num="4" count="22" type="stmt"/>
      <line num="13" count="22" type="cond" truecount="4" falsecount="0"/>
      <line num="14" count="2" type="stmt"/>
      <line num="16" count="20" type="cond" truecount="2" falsecount="0"/>
      <line num="17" count="1" type="stmt"/>
      <line num="20" count="19" type="cond" truecount="4" falsecount="0"/>
      <line num="21" count="3" type="stmt"/>
      <line num="26" count="16" type="cond" truecount="5" falsecount="0"/>
      <line num="27" count="7" type="stmt"/>
      <line num="35" count="9" type="cond" truecount="1" falsecount="1"/>
      <line num="36" count="0" type="stmt"/>
      <line num="37" count="9" type="cond" truecount="1" falsecount="1"/>
      <line num="38" count="9" type="stmt"/>
      <line num="39" count="0" type="cond" truecount="0" falsecount="2"/>
      <line num="40" count="0" type="stmt"/>
      <line num="41" count="0" type="cond" truecount="0" falsecount="2"/>
      <line num="42" count="0" type="stmt"/>
      <line num="43" count="0" type="cond" truecount="0" falsecount="2"/>
      <line num="44" count="0" type="stmt"/>
      <line num="46" count="9" type="cond" truecount="2" falsecount="0"/>
      <line num="47" count="1" type="stmt"/>
      <line num="48" count="8" type="cond" truecount="2" falsecount="0"/>
      <line num="49" count="7" type="stmt"/>
      <line num="50" count="1" type="cond" truecount="1" falsecount="1"/>
      <line num="51" count="0" type="stmt"/>
      <line num="52" count="1" type="cond" truecount="1" falsecount="1"/>
      <line num="53" count="1" type="stmt"/>
      <line num="54" count="0" type="cond" truecount="0" falsecount="2"/>
      <line num="55" count="0" type="stmt"/>
      <line num="58" count="9" type="cond" truecount="2" falsecount="0"/>
      <line num="59" count="8" type="stmt"/>
      <line num="61" count="1" type="stmt"/>
      <line num="65" count="1" type="stmt"/>
    </file>
  </project>
</coverage>
