{"D:\\Assiginment\\CIS-470-TermTest\\Code-2\\bloodPressure.js": {"path":"D:\\Assiginment\\CIS-470-TermTest\\Code-2\\bloodPressure.js","statementMap":{"0":{"start":{"line":4,"column":25},"end":{"line":10,"column":3}},"1":{"start":{"line":13,"column":2},"end":{"line":15,"column":3}},"2":{"start":{"line":14,"column":4},"end":{"line":14,"column":56}},"3":{"start":{"line":16,"column":2},"end":{"line":18,"column":3}},"4":{"start":{"line":17,"column":4},"end":{"line":17,"column":73}},"5":{"start":{"line":20,"column":2},"end":{"line":24,"column":3}},"6":{"start":{"line":21,"column":4},"end":{"line":23,"column":6}},"7":{"start":{"line":26,"column":2},"end":{"line":30,"column":3}},"8":{"start":{"line":27,"column":4},"end":{"line":29,"column":6}},"9":{"start":{"line":35,"column":2},"end":{"line":45,"column":3}},"10":{"start":{"line":36,"column":4},"end":{"line":36,"column":33}},"11":{"start":{"line":37,"column":9},"end":{"line":45,"column":3}},"12":{"start":{"line":38,"column":4},"end":{"line":38,"column":42}},"13":{"start":{"line":39,"column":9},"end":{"line":45,"column":3}},"14":{"start":{"line":40,"column":4},"end":{"line":40,"column":38}},"15":{"start":{"line":41,"column":9},"end":{"line":45,"column":3}},"16":{"start":{"line":42,"column":4},"end":{"line":42,"column":38}},"17":{"start":{"line":43,"column":9},"end":{"line":45,"column":3}},"18":{"start":{"line":44,"column":4},"end":{"line":44,"column":46}},"19":{"start":{"line":46,"column":2},"end":{"line":56,"column":3}},"20":{"start":{"line":47,"column":4},"end":{"line":47,"column":34}},"21":{"start":{"line":48,"column":9},"end":{"line":56,"column":3}},"22":{"start":{"line":49,"column":4},"end":{"line":49,"column":43}},"23":{"start":{"line":50,"column":9},"end":{"line":56,"column":3}},"24":{"start":{"line":51,"column":4},"end":{"line":51,"column":39}},"25":{"start":{"line":52,"column":9},"end":{"line":56,"column":3}},"26":{"start":{"line":53,"column":4},"end":{"line":53,"column":39}},"27":{"start":{"line":54,"column":9},"end":{"line":56,"column":3}},"28":{"start":{"line":55,"column":4},"end":{"line":55,"column":47}},"29":{"start":{"line":58,"column":2},"end":{"line":62,"column":3}},"30":{"start":{"line":59,"column":4},"end":{"line":59,"column":30}},"31":{"start":{"line":61,"column":4},"end":{"line":61,"column":29}},"32":{"start":{"line":65,"column":0},"end":{"line":65,"column":31}}},"fnMap":{"0":{"name":"BloodPressure","decl":{"start":{"line":3,"column":9},"end":{"line":3,"column":22}},"loc":{"start":{"line":3,"column":69},"end":{"line":63,"column":1}},"line":3}},"branchMap":{"0":{"loc":{"start":{"line":13,"column":2},"end":{"line":15,"column":3}},"type":"if","locations":[{"start":{"line":13,"column":2},"end":{"line":15,"column":3}},{"start":{},"end":{}}],"line":13},"1":{"loc":{"start":{"line":13,"column":6},"end":{"line":13,"column":66}},"type":"binary-expr","locations":[{"start":{"line":13,"column":6},"end":{"line":13,"column":37}},{"start":{"line":13,"column":41},"end":{"line":13,"column":66}}],"line":13},"2":{"loc":{"start":{"line":16,"column":2},"end":{"line":18,"column":3}},"type":"if","locations":[{"start":{"line":16,"column":2},"end":{"line":18,"column":3}},{"start":{},"end":{}}],"line":16},"3":{"loc":{"start":{"line":20,"column":2},"end":{"line":24,"column":3}},"type":"if","locations":[{"start":{"line":20,"column":2},"end":{"line":24,"column":3}},{"start":{},"end":{}}],"line":20},"4":{"loc":{"start":{"line":20,"column":6},"end":{"line":20,"column":41}},"type":"binary-expr","locations":[{"start":{"line":20,"column":6},"end":{"line":20,"column":20}},{"start":{"line":20,"column":24},"end":{"line":20,"column":41}}],"line":20},"5":{"loc":{"start":{"line":26,"column":2},"end":{"line":30,"column":3}},"type":"if","locations":[{"start":{"line":26,"column":2},"end":{"line":30,"column":3}},{"start":{},"end":{}}],"line":26},"6":{"loc":{"start":{"line":26,"column":6},"end":{"line":26,"column":62}},"type":"binary-expr","locations":[{"start":{"line":26,"column":6},"end":{"line":26,"column":19}},{"start":{"line":26,"column":23},"end":{"line":26,"column":37}},{"start":{"line":26,"column":41},"end":{"line":26,"column":62}}],"line":26},"7":{"loc":{"start":{"line":35,"column":2},"end":{"line":45,"column":3}},"type":"if","locations":[{"start":{"line":35,"column":2},"end":{"line":45,"column":3}},{"start":{"line":37,"column":9},"end":{"line":45,"column":3}}],"line":35},"8":{"loc":{"start":{"line":37,"column":9},"end":{"line":45,"column":3}},"type":"if","locations":[{"start":{"line":37,"column":9},"end":{"line":45,"column":3}},{"start":{"line":39,"column":9},"end":{"line":45,"column":3}}],"line":37},"9":{"loc":{"start":{"line":39,"column":9},"end":{"line":45,"column":3}},"type":"if","locations":[{"start":{"line":39,"column":9},"end":{"line":45,"column":3}},{"start":{"line":41,"column":9},"end":{"line":45,"column":3}}],"line":39},"10":{"loc":{"start":{"line":41,"column":9},"end":{"line":45,"column":3}},"type":"if","locations":[{"start":{"line":41,"column":9},"end":{"line":45,"column":3}},{"start":{"line":43,"column":9},"end":{"line":45,"column":3}}],"line":41},"11":{"loc":{"start":{"line":43,"column":9},"end":{"line":45,"column":3}},"type":"if","locations":[{"start":{"line":43,"column":9},"end":{"line":45,"column":3}},{"start":{},"end":{}}],"line":43},"12":{"loc":{"start":{"line":46,"column":2},"end":{"line":56,"column":3}},"type":"if","locations":[{"start":{"line":46,"column":2},"end":{"line":56,"column":3}},{"start":{"line":48,"column":9},"end":{"line":56,"column":3}}],"line":46},"13":{"loc":{"start":{"line":48,"column":9},"end":{"line":56,"column":3}},"type":"if","locations":[{"start":{"line":48,"column":9},"end":{"line":56,"column":3}},{"start":{"line":50,"column":9},"end":{"line":56,"column":3}}],"line":48},"14":{"loc":{"start":{"line":50,"column":9},"end":{"line":56,"column":3}},"type":"if","locations":[{"start":{"line":50,"column":9},"end":{"line":56,"column":3}},{"start":{"line":52,"column":9},"end":{"line":56,"column":3}}],"line":50},"15":{"loc":{"start":{"line":52,"column":9},"end":{"line":56,"column":3}},"type":"if","locations":[{"start":{"line":52,"column":9},"end":{"line":56,"column":3}},{"start":{"line":54,"column":9},"end":{"line":56,"column":3}}],"line":52},"16":{"loc":{"start":{"line":54,"column":9},"end":{"line":56,"column":3}},"type":"if","locations":[{"start":{"line":54,"column":9},"end":{"line":56,"column":3}},{"start":{},"end":{}}],"line":54},"17":{"loc":{"start":{"line":58,"column":2},"end":{"line":62,"column":3}},"type":"if","locations":[{"start":{"line":58,"column":2},"end":{"line":62,"column":3}},{"start":{"line":60,"column":9},"end":{"line":62,"column":3}}],"line":58}},"s":{"0":22,"1":22,"2":2,"3":20,"4":1,"5":19,"6":3,"7":16,"8":7,"9":9,"10":0,"11":9,"12":9,"13":0,"14":0,"15":0,"16":0,"17":0,"18":0,"19":9,"20":1,"21":8,"22":7,"23":1,"24":0,"25":1,"26":1,"27":0,"28":0,"29":9,"30":8,"31":1,"32":1},"f":{"0":22},"b":{"0":[2,20],"1":[22,21],"2":[1,19],"3":[3,16],"4":[19,17],"5":[7,9],"6":[16,13,12],"7":[0,9],"8":[9,0],"9":[0,0],"10":[0,0],"11":[0,0],"12":[1,8],"13":[7,1],"14":[0,1],"15":[1,0],"16":[0,0],"17":[8,1]},"_coverageSchema":"1a1c01bbd47fc00a2c39e90264f33305004495a9","hash":"5f715c8b7617ca65cb048a904032349cdf9252dd"}
}
