TN:
SF:bloodPressure.js
FN:3,BloodPressure
FNF:1
FNH:1
FNDA:22,BloodPressure
DA:4,22
DA:13,22
DA:14,2
DA:16,20
DA:17,1
DA:20,19
DA:21,3
DA:26,16
DA:27,7
DA:35,9
DA:36,0
DA:37,9
DA:38,9
DA:39,0
DA:40,0
DA:41,0
DA:42,0
DA:43,0
DA:44,0
DA:46,9
DA:47,1
DA:48,8
DA:49,7
DA:50,1
DA:51,0
DA:52,1
DA:53,1
DA:54,0
DA:55,0
DA:58,9
DA:59,8
DA:61,1
DA:65,1
LF:33
LH:23
BRDA:13,0,0,2
BRDA:13,0,1,20
BRDA:13,1,0,22
BRDA:13,1,1,21
BRDA:16,2,0,1
BRDA:16,2,1,19
BRDA:20,3,0,3
BRDA:20,3,1,16
BRDA:20,4,0,19
BRDA:20,4,1,17
BRDA:26,5,0,7
BRDA:26,5,1,9
BRDA:26,6,0,16
BRDA:26,6,1,13
BRDA:26,6,2,12
BRDA:35,7,0,0
BRDA:35,7,1,9
BRDA:37,8,0,9
BRDA:37,8,1,0
BRDA:39,9,0,0
BRDA:39,9,1,0
BRDA:41,10,0,0
BRDA:41,10,1,0
BRDA:43,11,0,0
BRDA:43,11,1,0
BRDA:46,12,0,1
BRDA:46,12,1,8
BRDA:48,13,0,7
BRDA:48,13,1,1
BRDA:50,14,0,0
BRDA:50,14,1,1
BRDA:52,15,0,1
BRDA:52,15,1,0
BRDA:54,16,0,0
BRDA:54,16,1,0
BRDA:58,17,0,8
BRDA:58,17,1,1
BRF:37
BRH:25
end_of_record
