{"D:\\Assiginment\\CIS-470-TermTest\\Code-1\\calculatePrice.js": {"path":"D:\\Assiginment\\CIS-470-TermTest\\Code-1\\calculatePrice.js","statementMap":{"0":{"start":{"line":3,"column":2},"end":{"line":5,"column":3}},"1":{"start":{"line":4,"column":4},"end":{"line":4,"column":71}},"2":{"start":{"line":7,"column":2},"end":{"line":11,"column":3}},"3":{"start":{"line":8,"column":4},"end":{"line":10,"column":6}},"4":{"start":{"line":13,"column":2},"end":{"line":17,"column":3}},"5":{"start":{"line":14,"column":4},"end":{"line":16,"column":6}},"6":{"start":{"line":20,"column":19},"end":{"line":20,"column":24}},"7":{"start":{"line":21,"column":2},"end":{"line":30,"column":3}},"8":{"start":{"line":23,"column":4},"end":{"line":23,"column":22}},"9":{"start":{"line":24,"column":9},"end":{"line":30,"column":3}},"10":{"start":{"line":26,"column":4},"end":{"line":26,"column":22}},"11":{"start":{"line":27,"column":9},"end":{"line":30,"column":3}},"12":{"start":{"line":29,"column":4},"end":{"line":29,"column":23}},"13":{"start":{"line":38,"column":2},"end":{"line":46,"column":3}},"14":{"start":{"line":43,"column":4},"end":{"line":45,"column":6}},"15":{"start":{"line":48,"column":2},"end":{"line":48,"column":20}},"16":{"start":{"line":51,"column":0},"end":{"line":51,"column":32}}},"fnMap":{"0":{"name":"calculatePrice","decl":{"start":{"line":1,"column":9},"end":{"line":1,"column":23}},"loc":{"start":{"line":1,"column":53},"end":{"line":49,"column":1}},"line":1}},"branchMap":{"0":{"loc":{"start":{"line":3,"column":2},"end":{"line":5,"column":3}},"type":"if","locations":[{"start":{"line":3,"column":2},"end":{"line":5,"column":3}},{"start":{},"end":{}}],"line":3},"1":{"loc":{"start":{"line":3,"column":6},"end":{"line":3,"column":61}},"type":"binary-expr","locations":[{"start":{"line":3,"column":6},"end":{"line":3,"column":31}},{"start":{"line":3,"column":35},"end":{"line":3,"column":45}},{"start":{"line":3,"column":49},"end":{"line":3,"column":61}}],"line":3},"2":{"loc":{"start":{"line":7,"column":2},"end":{"line":11,"column":3}},"type":"if","locations":[{"start":{"line":7,"column":2},"end":{"line":11,"column":3}},{"start":{},"end":{}}],"line":7},"3":{"loc":{"start":{"line":13,"column":2},"end":{"line":17,"column":3}},"type":"if","locations":[{"start":{"line":13,"column":2},"end":{"line":17,"column":3}},{"start":{},"end":{}}],"line":13},"4":{"loc":{"start":{"line":21,"column":2},"end":{"line":30,"column":3}},"type":"if","locations":[{"start":{"line":21,"column":2},"end":{"line":30,"column":3}},{"start":{"line":24,"column":9},"end":{"line":30,"column":3}}],"line":21},"5":{"loc":{"start":{"line":21,"column":6},"end":{"line":21,"column":28}},"type":"binary-expr","locations":[{"start":{"line":21,"column":6},"end":{"line":21,"column":15}},{"start":{"line":21,"column":19},"end":{"line":21,"column":28}}],"line":21},"6":{"loc":{"start":{"line":24,"column":9},"end":{"line":30,"column":3}},"type":"if","locations":[{"start":{"line":24,"column":9},"end":{"line":30,"column":3}},{"start":{"line":27,"column":9},"end":{"line":30,"column":3}}],"line":24},"7":{"loc":{"start":{"line":27,"column":9},"end":{"line":30,"column":3}},"type":"if","locations":[{"start":{"line":27,"column":9},"end":{"line":30,"column":3}},{"start":{},"end":{}}],"line":27},"8":{"loc":{"start":{"line":38,"column":2},"end":{"line":46,"column":3}},"type":"if","locations":[{"start":{"line":38,"column":2},"end":{"line":46,"column":3}},{"start":{},"end":{}}],"line":38},"9":{"loc":{"start":{"line":39,"column":4},"end":{"line":41,"column":22}},"type":"binary-expr","locations":[{"start":{"line":39,"column":4},"end":{"line":39,"column":34}},{"start":{"line":40,"column":4},"end":{"line":40,"column":28}},{"start":{"line":41,"column":4},"end":{"line":41,"column":22}}],"line":39}},"s":{"0":9,"1":3,"2":6,"3":1,"4":5,"5":1,"6":4,"7":4,"8":1,"9":3,"10":1,"11":2,"12":1,"13":4,"14":0,"15":4,"16":1},"f":{"0":9},"b":{"0":[3,6],"1":[9,8,7],"2":[1,5],"3":[1,4],"4":[1,3],"5":[4,2],"6":[1,2],"7":[1,1],"8":[0,4],"9":[4,4,4]},"_coverageSchema":"1a1c01bbd47fc00a2c39e90264f33305004495a9","hash":"c8d0a1d7c68ca046306013ec12bc075ce6e8deb8"}
}
