TN:
SF:calculatePrice.js
FN:1,calculatePrice
FNF:1
FNH:1
FNDA:9,calculatePrice
DA:3,9
DA:4,3
DA:7,6
DA:8,1
DA:13,5
DA:14,1
DA:20,4
DA:21,4
DA:23,1
DA:24,3
DA:26,1
DA:27,2
DA:29,1
DA:38,4
DA:43,0
DA:48,4
DA:51,1
LF:17
LH:16
BRDA:3,0,0,3
BRDA:3,0,1,6
BRDA:3,1,0,9
BRDA:3,1,1,8
BRDA:3,1,2,7
BRDA:7,2,0,1
BRDA:7,2,1,5
BRDA:13,3,0,1
BRDA:13,3,1,4
BRDA:21,4,0,1
BRDA:21,4,1,3
BRDA:21,5,0,4
BRDA:21,5,1,2
BRDA:24,6,0,1
BRDA:24,6,1,2
BRDA:27,7,0,1
BRDA:27,7,1,1
BRDA:38,8,0,0
BRDA:38,8,1,4
BRDA:39,9,0,4
BRDA:39,9,1,4
BRDA:39,9,2,4
BRF:22
BRH:21
end_of_record
